2026-03-26 14:32:07,191 - INFO - Bot started and logs are being saved to logs\trading_bot.log
2026-03-26 14:32:07,191 - INFO - Trying to place order: BTCUSDT BUY MARKET qty=.05 price=None
2026-03-26 14:32:07,191 - INFO - Order 12994924860 is NEW. Average Price: 0.00

--- Order Session 2026-03-26 14:38:20,321 ---
2026-03-26 14:38:20,321 - INFO - [TESTNET][FUTURES] Placing BUY MARKET: 0.002 BTCUSDT @ MARKET
2026-03-26 14:38:20,321 - INFO - [TESTNET][FUTURES] Result: Order 12994938066 is NEW. Average Price: 0.00

--- Order Session 2026-03-26 14:39:41,528 ---
2026-03-26 14:39:41,528 - INFO - [TESTNET][FUTURES] Placing BUY MARKET: .1 BTCUSDT @ MARKET
2026-03-26 14:39:41,528 - INFO - [TESTNET][FUTURES] Result: Order 12994940630 is NEW. Average Price: 0.00

--- Order Session 2026-03-26 14:44:01,568 ---
2026-03-26 14:44:01,568 - INFO - [TESTNET][FUTURES] Placing BUY MARKET: .002 BTCUSDT @ MARKET
2026-03-26 14:44:01,568 - INFO - [TESTNET][FUTURES] Result: Order 12994948263 is FILLED. Average Price: 70022.90000

--- Order Session 2026-03-26 14:45:42,448 ---
2026-03-26 14:45:42,448 - INFO - [TESTNET][FUTURES] Placing BUY MARKET: 0.002 BTCUSDT @ MARKET
2026-03-26 14:45:42,448 - INFO - [TESTNET][FUTURES] Result: Order 12994950633 is FILLED. Average Price: 70020.00000

--- Order Session 2026-03-26 14:45:47,094 ---
2026-03-26 14:45:47,094 - INFO - [TESTNET][FUTURES] Placing SELL MARKET: 0.002 BTCUSDT @ MARKET
2026-03-26 14:45:47,094 - INFO - [TESTNET][FUTURES] Result: Order 12994950726 is FILLED. Average Price: 70014.10000

--- Order Session 2026-03-26 14:45:54,974 ---
2026-03-26 14:45:54,974 - INFO - [TESTNET][FUTURES] Placing BUY MARKET: 0.1 ETHUSDT @ MARKET
2026-03-26 14:45:54,974 - INFO - [TESTNET][FUTURES] Result: Order 8619235021 is FILLED. Average Price: 2118.40000

--- Order Session 2026-03-26 14:46:00,496 ---
2026-03-26 14:46:00,496 - INFO - [TESTNET][FUTURES] Placing SELL MARKET: 0.1 ETHUSDT @ MARKET
2026-03-26 14:46:00,496 - INFO - [TESTNET][FUTURES] Result: Order 8619235086 is FILLED. Average Price: 2118.22000

--- Order Session 2026-03-26 14:53:26,110 ---
2026-03-26 14:53:26,110 - INFO - [TESTNET][FUTURES] Placing BUY MARKET: 0.02 BTCUSDT @ MARKET
2026-03-26 14:53:26,110 - INFO - [TESTNET][FUTURES] Result: Order 12994960402 is FILLED. Average Price: 69962.80000

--- Order Session 2026-03-26 14:57:48,611 ---
2026-03-26 14:57:48,611 - INFO - [TESTNET][FUTURES] Placing BUY MARKET: 0.12 BTCUSDT @ MARKET
2026-03-26 14:57:48,611 - INFO - [TESTNET][FUTURES] Result: Order 12994971191 is FILLED. Average Price: 69946.02750

--- Order Session 2026-03-26 14:57:59,555 ---
2026-03-26 14:57:59,555 - INFO - [TESTNET][FUTURES] Placing SELL MARKET: 0.12 BTCUSDT @ MARKET
2026-03-26 14:57:59,555 - INFO - [TESTNET][FUTURES] Result: Order 12994971569 is FILLED. Average Price: 69944.70000

--- Order Session 2026-03-26 15:24:00,911 ---
2026-03-26 15:24:00,911 - INFO - [TESTNET][FUTURES] Placing BUY MARKET: 0.02 BTCUSDT @ MARKET
2026-03-26 15:24:00,911 - INFO - [TESTNET][FUTURES] Result: Order 12995161186 is FILLED. Average Price: 69463.70000
